<?xml version="1.0" encoding="UTF-8"?>
<!-- Generated by org.testng.reporters.JUnitXMLReporter -->
<testsuite hostname="DESKTOP-RA81QA8" failures="0" tests="1" name="Verfying e2e" time="0.065" errors="0" timestamp="23 Jan 2022 07:27:54 GMT">
  <testcase classname="cucumberOptions.TestRunner" name="@BeforeClass setUpClass" time="0.0">
    <failure type="cucumber.runtime.DuplicateStepDefinitionException" message="Duplicate step definitions in stepDefinations.E2E.the_something_should_be_mentioned_in_the_results(String) in file:/C:/Users/ibrah/eclipse-workspace/CucumberE2E/target/test-classes/ and stepDefinations.SearchEngine.the_should_be_mentioned_in_the_results(String) in file:/C:/Users/ibrah/eclipse-workspace/CucumberE2E/target/test-classes/">
      <![CDATA[cucumber.runtime.DuplicateStepDefinitionException: Duplicate step definitions in stepDefinations.E2E.the_something_should_be_mentioned_in_the_results(String) in file:/C:/Users/ibrah/eclipse-workspace/CucumberE2E/target/test-classes/ and stepDefinations.SearchEngine.the_should_be_mentioned_in_the_results(String) in file:/C:/Users/ibrah/eclipse-workspace/CucumberE2E/target/test-classes/
	at cucumber.runtime.RuntimeGlue.addStepDefinition(RuntimeGlue.java:33)
	at cucumber.runtime.java.JavaBackend.addStepDefinition(JavaBackend.java:151)
	at cucumber.runtime.java.MethodScanner.scan(MethodScanner.java:68)
	at cucumber.runtime.java.MethodScanner.scan(MethodScanner.java:41)
	at cucumber.runtime.java.JavaBackend.loadGlue(JavaBackend.java:86)
	at cucumber.runtime.Runtime.<init>(Runtime.java:92)
	at cucumber.runtime.Runtime.<init>(Runtime.java:70)
	at cucumber.runtime.Runtime.<init>(Runtime.java:66)
	at cucumber.api.testng.TestNGCucumberRunner.<init>(TestNGCucumberRunner.java:42)
	at cucumber.api.testng.AbstractTestNGCucumberTests.setUpClass(AbstractTestNGCucumberTests.java:16)
... Removed 24 stack frames]]>
    </failure>
  </testcase> <!-- @BeforeClass setUpClass -->
  <testcase classname="cucumberOptions.TestRunner" name="@AfterClass tearDownClass" time="0.0">
    <failure type="java.lang.NullPointerException" message="Cannot invoke &amp;quot;cucumber.api.testng.TestNGCucumberRunner.finish()&amp;quot; because &amp;quot;this.testNGCucumberRunner&amp;quot; is null">
      <![CDATA[java.lang.NullPointerException: Cannot invoke "cucumber.api.testng.TestNGCucumberRunner.finish()" because "this.testNGCucumberRunner" is null
	at cucumber.api.testng.AbstractTestNGCucumberTests.tearDownClass(AbstractTestNGCucumberTests.java:34)
... Removed 24 stack frames]]>
    </failure>
  </testcase> <!-- @AfterClass tearDownClass -->
  <testcase classname="cucumberOptions.TestRunner" name="feature" time="0.003">
    <skipped/>
  </testcase> <!-- feature -->
</testsuite> <!-- Verfying e2e -->
